# JRE version: OpenJDK Runtime Environment (8.0_202-b03) (build 1.8.0_202-release-1483-b03)
# Java VM: OpenJDK 64-Bit Server VM (25.202-b03 mixed mode windows-amd64 compressed oops)
Heap:
 PSYoungGen      total 65024K, used 33100K [0x0000000715580000, 0x0000000719f00000, 0x00000007c0000000)
  eden space 54784K, 50% used [0x0000000715580000,0x000000071707f928,0x0000000718b00000)
  from space 10240K, 53% used [0x0000000719500000,0x0000000719a53a70,0x0000000719f00000)
  to   space 10240K, 0% used [0x0000000718b00000,0x0000000718b00000,0x0000000719500000)
 ParOldGen       total 56832K, used 8686K [0x00000005c0000000, 0x00000005c3780000, 0x0000000715580000)
  object space 56832K, 15% used [0x00000005c0000000,0x00000005c087bb40,0x00000005c3780000)
 Metaspace       used 30156K, capacity 30744K, committed 31104K, reserved 1075200K
  class space    used 4175K, capacity 4371K, committed 4480K, reserved 1048576K
GC Heap History (10 events):
Event: 9.786 GC heap before
{Heap before GC invocations=5 (full 0):
 PSYoungGen      total 38400K, used 38376K [0x0000000715580000, 0x0000000718000000, 0x00000007c0000000)
  eden space 33280K, 100% used [0x0000000715580000,0x0000000717600000,0x0000000717600000)
  from space 5120K, 99% used [0x0000000717b00000,0x0000000717ffa020,0x0000000718000000)
  to   space 5120K, 0% used [0x0000000717600000,0x0000000717600000,0x0000000717b00000)
 ParOldGen       total 87552K, used 5413K [0x00000005c0000000, 0x00000005c5580000, 0x0000000715580000)
  object space 87552K, 6% used [0x00000005c0000000,0x00000005c05495a0,0x00000005c5580000)
 Metaspace       used 19002K, capacity 19558K, committed 19584K, reserved 1067008K
  class space    used 2748K, capacity 2933K, committed 2944K, reserved 1048576K
Event: 9.794 GC heap after
Heap after GC invocations=5 (full 0):
 PSYoungGen      total 37888K, used 5112K [0x0000000715580000, 0x0000000718a80000, 0x00000007c0000000)
  eden space 32768K, 0% used [0x0000000715580000,0x0000000715580000,0x0000000717580000)
  from space 5120K, 99% used [0x0000000717600000,0x0000000717afe040,0x0000000717b00000)
  to   space 10752K, 0% used [0x0000000718000000,0x0000000718000000,0x0000000718a80000)
 ParOldGen       total 87552K, used 9252K [0x00000005c0000000, 0x00000005c5580000, 0x0000000715580000)
  object space 87552K, 10% used [0x00000005c0000000,0x00000005c0909008,0x00000005c5580000)
 Metaspace       used 19002K, capacity 19558K, committed 19584K, reserved 1067008K
  class space    used 2748K, capacity 2933K, committed 2944K, reserved 1048576K
}
Event: 10.410 GC heap before
{Heap before GC invocations=6 (full 0):
 PSYoungGen      total 37888K, used 19335K [0x0000000715580000, 0x0000000718a80000, 0x00000007c0000000)
  eden space 32768K, 43% used [0x0000000715580000,0x0000000716363bc8,0x0000000717580000)
  from space 5120K, 99% used [0x0000000717600000,0x0000000717afe040,0x0000000717b00000)
  to   space 10752K, 0% used [0x0000000718000000,0x0000000718000000,0x0000000718a80000)
 ParOldGen       total 87552K, used 9252K [0x00000005c0000000, 0x00000005c5580000, 0x0000000715580000)
  object space 87552K, 10% used [0x00000005c0000000,0x00000005c0909008,0x00000005c5580000)
 Metaspace       used 20687K, capacity 21172K, committed 21296K, reserved 1067008K
  class space    used 2970K, capacity 3129K, committed 3200K, reserved 1048576K
Event: 10.419 GC heap after
Heap after GC invocations=6 (full 0):
 PSYoungGen      total 41472K, used 6982K [0x0000000715580000, 0x0000000718900000, 0x00000007c0000000)
  eden space 32256K, 0% used [0x0000000715580000,0x0000000715580000,0x0000000717500000)
  from space 9216K, 75% used [0x0000000718000000,0x00000007186d18a8,0x0000000718900000)
  to   space 10240K, 0% used [0x0000000717500000,0x0000000717500000,0x0000000717f00000)
 ParOldGen       total 87552K, used 9260K [0x00000005c0000000, 0x00000005c5580000, 0x0000000715580000)
  object space 87552K, 10% used [0x00000005c0000000,0x00000005c090b008,0x00000005c5580000)
 Metaspace       used 20687K, capacity 21172K, committed 21296K, reserved 1067008K
  class space    used 2970K, capacity 3129K, committed 3200K, reserved 1048576K
}
Event: 10.419 GC heap before
{Heap before GC invocations=7 (full 1):
 PSYoungGen      total 41472K, used 6982K [0x0000000715580000, 0x0000000718900000, 0x00000007c0000000)
  eden space 32256K, 0% used [0x0000000715580000,0x0000000715580000,0x0000000717500000)
  from space 9216K, 75% used [0x0000000718000000,0x00000007186d18a8,0x0000000718900000)
  to   space 10240K, 0% used [0x0000000717500000,0x0000000717500000,0x0000000717f00000)
 ParOldGen       total 87552K, used 9260K [0x00000005c0000000, 0x00000005c5580000, 0x0000000715580000)
  object space 87552K, 10% used [0x00000005c0000000,0x00000005c090b008,0x00000005c5580000)
 Metaspace       used 20687K, capacity 21172K, committed 21296K, reserved 1067008K
  class space    used 2970K, capacity 3129K, committed 3200K, reserved 1048576K
Event: 10.461 GC heap after
Heap after GC invocations=7 (full 1):
 PSYoungGen      total 41472K, used 0K [0x0000000715580000, 0x0000000718900000, 0x00000007c0000000)
  eden space 32256K, 0% used [0x0000000715580000,0x0000000715580000,0x0000000717500000)
  from space 9216K, 0% used [0x0000000718000000,0x0000000718000000,0x0000000718900000)
  to   space 10240K, 0% used [0x0000000717500000,0x0000000717500000,0x0000000717f00000)
 ParOldGen       total 56832K, used 8670K [0x00000005c0000000, 0x00000005c3780000, 0x0000000715580000)
  object space 56832K, 15% used [0x00000005c0000000,0x00000005c0877b40,0x00000005c3780000)
 Metaspace       used 20687K, capacity 21172K, committed 21296K, reserved 1067008K
  class space    used 2970K, capacity 3129K, committed 3200K, reserved 1048576K
}
Event: 11.294 GC heap before
{Heap before GC invocations=8 (full 1):
 PSYoungGen      total 41472K, used 32256K [0x0000000715580000, 0x0000000718900000, 0x00000007c0000000)
  eden space 32256K, 100% used [0x0000000715580000,0x0000000717500000,0x0000000717500000)
  from space 9216K, 0% used [0x0000000718000000,0x0000000718000000,0x0000000718900000)
  to   space 10240K, 0% used [0x0000000717500000,0x0000000717500000,0x0000000717f00000)
 ParOldGen       total 56832K, used 8670K [0x00000005c0000000, 0x00000005c3780000, 0x0000000715580000)
  object space 56832K, 15% used [0x00000005c0000000,0x00000005c0877b40,0x00000005c3780000)
 Metaspace       used 26023K, capacity 26640K, committed 26880K, reserved 1073152K
  class space    used 3501K, capacity 3713K, committed 3840K, reserved 1048576K
Event: 11.300 GC heap after
Heap after GC invocations=8 (full 1):
 PSYoungGen      total 42496K, used 4323K [0x0000000715580000, 0x0000000719f00000, 0x00000007c0000000)
  eden space 32256K, 0% used [0x0000000715580000,0x0000000715580000,0x0000000717500000)
  from space 10240K, 42% used [0x0000000717500000,0x0000000717938eb0,0x0000000717f00000)
  to   space 10240K, 0% used [0x0000000719500000,0x0000000719500000,0x0000000719f00000)
 ParOldGen       total 56832K, used 8678K [0x00000005c0000000, 0x00000005c3780000, 0x0000000715580000)
  object space 56832K, 15% used [0x00000005c0000000,0x00000005c0879b40,0x00000005c3780000)
 Metaspace       used 26023K, capacity 26640K, committed 26880K, reserved 1073152K
  class space    used 3501K, capacity 3713K, committed 3840K, reserved 1048576K
}
Event: 12.423 GC heap before
{Heap before GC invocations=9 (full 1):
 PSYoungGen      total 42496K, used 36579K [0x0000000715580000, 0x0000000719f00000, 0x00000007c0000000)
  eden space 32256K, 100% used [0x0000000715580000,0x0000000717500000,0x0000000717500000)
  from space 10240K, 42% used [0x0000000717500000,0x0000000717938eb0,0x0000000717f00000)
  to   space 10240K, 0% used [0x0000000719500000,0x0000000719500000,0x0000000719f00000)
 ParOldGen       total 56832K, used 8678K [0x00000005c0000000, 0x00000005c3780000, 0x0000000715580000)
  object space 56832K, 15% used [0x00000005c0000000,0x00000005c0879b40,0x00000005c3780000)
 Metaspace       used 28420K, capacity 29084K, committed 29312K, reserved 1075200K
  class space    used 3899K, capacity 4099K, committed 4224K, reserved 1048576K
Event: 12.433 GC heap after
Heap after GC invocations=9 (full 1):
 PSYoungGen      total 65024K, used 5454K [0x0000000715580000, 0x0000000719f00000, 0x00000007c0000000)
  eden space 54784K, 0% used [0x0000000715580000,0x0000000715580000,0x0000000718b00000)
  from space 10240K, 53% used [0x0000000719500000,0x0000000719a53a70,0x0000000719f00000)
  to   space 10240K, 0% used [0x0000000718b00000,0x0000000718b00000,0x0000000719500000)
 ParOldGen       total 56832K, used 8686K [0x00000005c0000000, 0x00000005c3780000, 0x0000000715580000)
  object space 56832K, 15% used [0x00000005c0000000,0x00000005c087bb40,0x00000005c3780000)
 Metaspace       used 28420K, capacity 29084K, committed 29312K, reserved 1075200K
  class space    used 3899K, capacity 4099K, committed 4224K, reserved 1048576K
}

